Building single-core ChampSim...

rm -f -r obj
Generating dependencies for src/dram_controller.cc...
Compiling src/dram_controller.cc...
Generating dependencies for src/block.cc...
Compiling src/block.cc...
Generating dependencies for src/ooo_cpu.cc...
Compiling src/ooo_cpu.cc...
src/ooo_cpu.cc: In member function ‘void O3_CPU::complete_instr_fetch(PACKET_QUEUE*, uint8_t)’:
src/ooo_cpu.cc:1858:11: warning: unused variable ‘instruction_physical_address’ [-Wunused-variable]
  uint64_t instruction_physical_address = (queue->entry[index].instruction_pa << LOG2_PAGE_SIZE) | (complete_ip & ((1 << LOG2_PAGE_SIZE) - 1));
           ^
Generating dependencies for src/cache.cc...
Compiling src/cache.cc...
Generating dependencies for src/uncore.cc...
Compiling src/uncore.cc...
Generating dependencies for src/main.cc...
Compiling src/main.cc...
Generating dependencies for branch/branch_predictor.cc...
Compiling branch/branch_predictor.cc...
Generating dependencies for replacement/base_replacement.cc...
Compiling replacement/base_replacement.cc...
Generating dependencies for replacement/llc_replacement.cc...
Compiling replacement/llc_replacement.cc...
Generating dependencies for prefetcher/l1i_prefetcher.cc...
Compiling prefetcher/l1i_prefetcher.cc...
Generating dependencies for prefetcher/llc_prefetcher.cc...
Compiling prefetcher/llc_prefetcher.cc...
Generating dependencies for prefetcher/l2c_prefetcher.cc...
Compiling prefetcher/l2c_prefetcher.cc...
Generating dependencies for prefetcher/l1d_prefetcher.cc...
Compiling prefetcher/l1d_prefetcher.cc...
prefetcher/l1d_prefetcher.cc: In member function ‘void CACHE::l1d_prefetcher_operate(uint64_t, uint64_t, uint8_t, uint8_t)’:
prefetcher/l1d_prefetcher.cc:190:9: warning: variable ‘spec_nl_threshold’ set but not used [-Wunused-but-set-variable]
     int spec_nl_threshold = 0;
         ^
Generating dependencies for prefetcher/kpcp/kpcp_util.cc...
Compiling prefetcher/kpcp/kpcp_util.cc...
Linking bin/champsim...

[1mChampSim is successfully built
Branch Predictor: bimodal
L1I Prefetcher: no
L1D Prefetcher: ipcp
L2C Prefetcher: ipcp
LLC Prefetcher: ipcp
LLC Replacement: lru
Cores: 1
Binary: bin/bimodal-no-ipcp-ipcp-ipcp-lru-1core

Start make experiment on 602.gcc_s-2226B.champsimtrace.xz...
Start make experiment on 603.bwaves_s-891B.champsimtrace.xz...
Start make experiment on 602.gcc_s-2226B.champsimtrace.xz
Start find valuable ips ...
important ip num : 9, whole ip num : 225, percentage : 0.9039701866707789
Start make experiment ...
Start make experiment on 603.bwaves_s-891B.champsimtrace.xz
Start find valuable ips ...
important ip num : 11, whole ip num : 66, percentage : 0.9143101827423231
Start make experiment ...
Start deal with results
